Arguments: 
  /Users/shawn-mac/.nvm/versions/node/v10.15.3/bin/node /usr/local/Cellar/yarn/1.7.0/libexec/bin/yarn.js

PATH: 
  /Users/shawn-mac/.nvm/versions/node/v10.15.3/bin:/Users/shawn-mac/.rvm/gems/ruby-2.0.0-p648/bin:/Users/shawn-mac/.rvm/gems/ruby-2.0.0-p648@global/bin:/Users/shawn-mac/.rvm/rubies/ruby-2.0.0-p648/bin:/usr/local/bin:/usr/bin:/bin:/usr/sbin:/sbin:/usr/local/apache-tomcat-7.0.75/bin:/usr/local/apache-maven-3.3.9/bin:/Users/shawn-mac/Library/Android/sdk/tools:/Users/shawn-mac/Library/Android/sdk/platform-tools:/Users/shawn-mac/.rvm/bin:/Users/shawn-mac/gradle-2.14.1/bin

Yarn version: 
  1.7.0

Node version: 
  10.15.3

Platform: 
  darwin x64

Trace: 
  Error: https://registry.npm.taobao.org/axios: ETIMEDOUT
      at Timeout._onTimeout (/usr/local/Cellar/yarn/1.7.0/libexec/lib/cli.js:135339:19)
      at ontimeout (timers.js:436:11)
      at tryOnTimeout (timers.js:300:5)
      at listOnTimeout (timers.js:263:5)
      at Timer.processTimers (timers.js:223:10)

npm manifest: 
  {
    "name": "jk-fetch",
    "version": "0.0.1",
    "description": "基于 axios 的网络请求库",
    "main": "./dist/index.js",
    "scripts": {
      "test": "echo \"Error: no test specified\" && exit 1",
      "clean": "rm -r ./dist",
      "build": "./node_modules/.bin/babel src -d dist",
      "prepublish": "npm run build"
    },
    "repository": {
      "type": "git",
      "url": "git+https://github.com/shawn2016/jk-fetch.git"
    },
    "author": "sxfed",
    "license": "ISC",
    "bugs": {
      "url": "https://github.com/shawn2016/jk-fetch/issues"
    },
    "homepage": "https://github.com/shawn2016/jk-fetch#readme",
    "dependencies": {
      "axios": "^0.16.2",
      "babel-preset-es2015": "^6.24.1",
      "babel-preset-react": "^6.24.1",
      "babel-preset-stage-0": "^6.24.1",
      "hoist-non-react-statics": "^2.2.1",
      "react": "^15.6.1"
    },
    "devDependencies": {
      "babel-cli": "^6.24.1"
    }
  }

yarn manifest: 
  No manifest

Lockfile: 
  No lockfile
